2025-02-10 11:13:19 [INFO]: Historical data loaded.
2025-02-10 11:13:19 [INFO]: Start Epoch Time: 2025-02-10 09:15:00
2025-02-10 11:13:19 [INFO]: End Epoch Time: 2025-02-10 11:13:19
2025-02-10 11:13:19 [DEBUG]: Starting new HTTPS connection (1): api-t1.fyers.in:443
2025-02-10 11:13:19 [DEBUG]: https://api-t1.fyers.in:443 "GET /data/history?symbol=NSE%3ANIFTY50-INDEX&resolution=5&date_format=0&range_from=1739159100&range_to=1739166199&cont_flag=1 HTTP/1.1" 200 453
2025-02-10 11:13:19 [DEBUG]: {'Status Code': 200, 'API': '/history'}
2025-02-10 11:13:19 [INFO]: Data successfully retrieved and processed.
2025-02-10 11:13:19 [INFO]: Latest data loaded.
2025-02-10 11:13:20 [INFO]: Websocket connected
2025-02-10 11:13:21 [DEBUG]: Starting new HTTPS connection (1): api-t1.fyers.in:443
2025-02-10 11:13:22 [DEBUG]: https://api-t1.fyers.in:443 "POST /data/symbol-token HTTP/1.1" 200 None
2025-02-10 11:15:01 [INFO]: 
OHLC Data (5-minute interval):
2025-02-10 11:15:01 [INFO]:                  timestamp     close     ema_short      ema_long        RSI
139440 2025-02-10 09:15:00  23468.70  23527.448544  23523.478267  39.174498
139441 2025-02-10 09:20:00  23497.40  23521.438835  23521.107515  45.057732
139442 2025-02-10 09:25:00  23473.60  23511.871068  23516.788650  41.475135
139443 2025-02-10 09:30:00  23443.20  23498.136854  23510.098773  37.386106
139444 2025-02-10 09:35:00  23427.70  23484.049483  23502.607975  35.466159
139445 2025-02-10 09:40:00  23408.25  23468.889587  23494.029978  33.164578
139446 2025-02-10 09:45:00  23429.10  23460.931669  23488.127252  37.822742
139447 2025-02-10 09:50:00  23450.00  23458.745336  23484.661139  42.173452
139448 2025-02-10 09:55:00  23445.90  23456.176268  23481.137399  41.559101
139449 2025-02-10 10:00:00  23444.65  23453.871015  23477.820362  41.361275
139450 2025-02-10 10:05:00  23389.00  23440.896812  23469.745784  33.675749
139451 2025-02-10 10:10:00  23373.10  23427.337449  23460.959804  31.854509
139452 2025-02-10 10:15:00  23373.25  23416.519960  23452.986185  31.891931
139453 2025-02-10 10:20:00  23380.65  23409.345968  23446.410168  33.822674
139454 2025-02-10 10:25:00  23385.55  23404.586774  23440.877426  35.133946
139455 2025-02-10 10:30:00  23371.65  23397.999419  23434.584023  33.128597
139456 2025-02-10 10:35:00  23399.35  23398.269535  23431.380930  40.426014
139457 2025-02-10 10:40:00  23397.20  23398.055628  23428.273573  40.060597
139458 2025-02-10 10:45:00  23377.70  23393.984503  23423.675976  36.810604
139459 2025-02-10 10:50:00  23392.85  23393.757602  23420.873614  40.827128
139460 2025-02-10 10:55:00  23395.30  23394.066082  23418.548740  41.474995
139461 2025-02-10 11:00:00  23396.35  23394.522865  23416.530673  41.769249
139462 2025-02-10 11:05:00  23400.20  23395.658292  23415.046066  42.902830
139465 2025-02-10 11:10:00  23401.30  23396.786634  23413.796424  43.242798
139466 2025-02-10 11:15:00  23400.80  23397.589307  23412.614931  43.117127
2025-02-10 11:20:00 [INFO]: 
OHLC Data (5-minute interval):
2025-02-10 11:20:00 [INFO]:                  timestamp     close     ema_short      ema_long        RSI
139440 2025-02-10 09:15:00  23468.70  23527.448544  23523.478267  39.174498
139441 2025-02-10 09:20:00  23497.40  23521.438835  23521.107515  45.057732
139442 2025-02-10 09:25:00  23473.60  23511.871068  23516.788650  41.475135
139443 2025-02-10 09:30:00  23443.20  23498.136854  23510.098773  37.386106
139444 2025-02-10 09:35:00  23427.70  23484.049483  23502.607975  35.466159
139445 2025-02-10 09:40:00  23408.25  23468.889587  23494.029978  33.164578
139446 2025-02-10 09:45:00  23429.10  23460.931669  23488.127252  37.822742
139447 2025-02-10 09:50:00  23450.00  23458.745336  23484.661139  42.173452
139448 2025-02-10 09:55:00  23445.90  23456.176268  23481.137399  41.559101
139449 2025-02-10 10:00:00  23444.65  23453.871015  23477.820362  41.361275
139450 2025-02-10 10:05:00  23389.00  23440.896812  23469.745784  33.675749
139451 2025-02-10 10:10:00  23373.10  23427.337449  23460.959804  31.854509
139452 2025-02-10 10:15:00  23373.25  23416.519960  23452.986185  31.891931
139453 2025-02-10 10:20:00  23380.65  23409.345968  23446.410168  33.822674
139454 2025-02-10 10:25:00  23385.55  23404.586774  23440.877426  35.133946
139455 2025-02-10 10:30:00  23371.65  23397.999419  23434.584023  33.128597
139456 2025-02-10 10:35:00  23399.35  23398.269535  23431.380930  40.426014
139457 2025-02-10 10:40:00  23397.20  23398.055628  23428.273573  40.060597
139458 2025-02-10 10:45:00  23377.70  23393.984503  23423.675976  36.810604
139459 2025-02-10 10:50:00  23392.85  23393.757602  23420.873614  40.827128
139460 2025-02-10 10:55:00  23395.30  23394.066082  23418.548740  41.474995
139461 2025-02-10 11:00:00  23396.35  23394.522865  23416.530673  41.769249
139462 2025-02-10 11:05:00  23400.20  23395.658292  23415.046066  42.902830
139463 2025-02-10 11:10:00  23401.30  23396.786634  23413.796424  43.242798
139465 2025-02-10 11:15:00  23391.25  23395.679307  23411.746749  40.849650
