2025-02-10 15:01:11 [INFO]: Historical data loaded.
2025-02-10 15:01:11 [INFO]: Start Epoch Time: 2025-02-10 09:15:00
2025-02-10 15:01:11 [INFO]: End Epoch Time: 2025-02-10 15:01:11
2025-02-10 15:01:11 [DEBUG]: Starting new HTTPS connection (1): api-t1.fyers.in:443
2025-02-10 15:01:11 [DEBUG]: https://api-t1.fyers.in:443 "GET /data/history?symbol=BSE%3ASENSEX-INDEX&resolution=5&date_format=0&range_from=1739159100&range_to=1739179871&cont_flag=1 HTTP/1.1" 200 1250
2025-02-10 15:01:11 [DEBUG]: {'Status Code': 200, 'API': '/history'}
2025-02-10 15:01:11 [INFO]: Data successfully retrieved and processed.
2025-02-10 15:01:11 [INFO]: Latest data loaded.
2025-02-10 15:01:11 [INFO]: Websocket connected
2025-02-10 15:01:13 [DEBUG]: Starting new HTTPS connection (1): api-t1.fyers.in:443
2025-02-10 15:01:13 [DEBUG]: https://api-t1.fyers.in:443 "POST /data/symbol-token HTTP/1.1" 400 64
2025-02-10 15:01:13 [ERROR]: WebSocket error: {'code': -300, 'message': 'Please provide valid inputs', 's': 'error', 'type': 'sub'}
2025-02-10 15:05:00 [INFO]: 
OHLC Data (5-minute interval):
2025-02-10 15:05:00 [INFO]:                 timestamp     close     ema_short      ema_long        RSI
98964 2025-02-10 09:15:00  77582.25  77747.396493  77731.494623  40.206553
98965 2025-02-10 09:20:00  77669.35  77731.787195  77725.845112  45.955460
98966 2025-02-10 09:25:00  77583.13  77702.055756  77712.871010  41.683114
98967 2025-02-10 09:30:00  77496.77  77660.998605  77693.225464  37.884063
98968 2025-02-10 09:35:00  77470.75  77622.948884  77673.000422  36.795900
98969 2025-02-10 09:40:00  77432.85  77584.929107  77651.168565  35.209497
98970 2025-02-10 09:45:00  77452.93  77558.529286  77633.146878  36.765035
98971 2025-02-10 09:50:00  77529.63  77552.749428  77623.736252  42.448847
98972 2025-02-10 09:55:00  77500.73  77542.345543  77612.553866  40.955098
98973 2025-02-10 10:00:00  77508.11  77535.498434  77603.058969  41.521018
98974 2025-02-10 10:05:00  77302.13  77488.824747  77575.701790  32.234605
98975 2025-02-10 10:10:00  77248.35  77440.729798  77545.942536  30.327408
98976 2025-02-10 10:15:00  77257.87  77404.157838  77519.754124  31.104487
98977 2025-02-10 10:20:00  77290.47  77381.420271  77498.910113  33.826273
98978 2025-02-10 10:25:00  77295.48  77364.232217  77480.416466  34.256129
98979 2025-02-10 10:30:00  77265.20  77344.425773  77460.851333  32.866516
98980 2025-02-10 10:35:00  77335.31  77342.602619  77449.438484  39.033281
98981 2025-02-10 10:40:00  77328.02  77339.686095  77438.400440  38.635869
98982 2025-02-10 10:45:00  77267.50  77325.248876  77422.864037  35.412440
98983 2025-02-10 10:50:00  77316.43  77323.485101  77413.188215  39.786476
98984 2025-02-10 10:55:00  77332.52  77325.292081  77405.854741  41.196740
98985 2025-02-10 11:00:00  77342.35  77328.703664  77400.081583  42.089118
98986 2025-02-10 11:05:00  77335.36  77330.034932  77394.197802  41.605606
98987 2025-02-10 11:10:00  77341.89  77332.405945  77389.442548  42.272780
98988 2025-02-10 11:15:00  77308.79  77327.682756  77382.110498  39.791059
98989 2025-02-10 11:20:00  77306.05  77323.356205  77375.195907  39.583894
98990 2025-02-10 11:25:00  77321.52  77322.988964  77370.316279  41.437743
98991 2025-02-10 11:30:00  77335.57  77325.505171  77367.157527  43.144093
98992 2025-02-10 11:35:00  77330.42  77326.488137  77363.817751  42.653501
98993 2025-02-10 11:40:00  77315.97  77324.384510  77359.467956  41.236638
98994 2025-02-10 11:45:00  77282.62  77316.031608  77352.481778  38.091674
98995 2025-02-10 11:50:00  77306.43  77314.111286  77348.295253  41.520790
98996 2025-02-10 11:55:00  77240.47  77299.383029  77338.492957  35.632544
98997 2025-02-10 12:00:00  77204.47  77280.400423  77326.309052  32.890949
98998 2025-02-10 12:05:00  77188.49  77262.018338  77313.780047  31.724125
98999 2025-02-10 12:10:00  77174.59  77244.532671  77301.126407  30.703789
99000 2025-02-10 12:15:00  77167.94  77229.214137  77289.018551  30.203294
99001 2025-02-10 12:20:00  77218.37  77227.045309  77282.595956  38.403348
99002 2025-02-10 12:25:00  77241.78  77229.992247  77278.885414  41.820386
99003 2025-02-10 12:30:00  77204.01  77224.795798  77272.078559  38.143783
99004 2025-02-10 12:35:00  77204.18  77220.672638  77265.905962  38.170131
99005 2025-02-10 12:40:00  77229.60  77222.458111  77262.605420  42.138920
99006 2025-02-10 12:45:00  77224.82  77222.930489  77259.170382  41.598202
99007 2025-02-10 12:50:00  77200.48  77218.440391  77253.834893  38.863516
99008 2025-02-10 12:55:00  77193.68  77213.488313  77248.366266  38.109741
99009 2025-02-10 13:00:00  77198.41  77210.472650  77243.824787  38.996069
99010 2025-02-10 13:05:00  77196.28  77207.634120  77239.502534  38.727108
99011 2025-02-10 13:10:00  77192.61  77204.629296  77235.239576  38.237743
99012 2025-02-10 13:15:00  77166.39  77196.981437  77228.980524  34.849562
99013 2025-02-10 13:20:00  77124.40  77182.465149  77219.473204  30.229913
99014 2025-02-10 13:25:00  77199.54  77185.880120  77217.661094  44.426643
99015 2025-02-10 13:30:00  77114.51  77171.606096  77208.283722  35.599036
99016 2025-02-10 13:35:00  77142.09  77165.702877  77202.266111  39.778835
99017 2025-02-10 13:40:00  77185.16  77169.594301  77200.711010  45.705178
99018 2025-02-10 13:45:00  77195.90  77174.855441  77200.273645  47.103096
99019 2025-02-10 13:50:00  77262.99  77192.482353  77205.975132  54.912500
99020 2025-02-10 13:55:00  77235.33  77201.051882  77208.643757  51.534463
99021 2025-02-10 14:00:00  77191.89  77199.219506  77207.120688  46.677922
99022 2025-02-10 14:05:00  77186.65  77196.705605  77205.259716  46.113398
99023 2025-02-10 14:10:00  77147.72  77186.908484  77200.028833  42.045001
99024 2025-02-10 14:15:00  77160.58  77181.642787  77196.442575  43.808629
99025 2025-02-10 14:20:00  77139.83  77173.280230  77191.295978  41.608444
99026 2025-02-10 14:25:00  77178.15  77174.254184  77190.100889  46.911123
99027 2025-02-10 14:30:00  77215.01  77182.405347  77192.365353  51.475878
99028 2025-02-10 14:35:00  77258.87  77197.698278  77198.411230  56.291754
99029 2025-02-10 14:40:00  77279.71  77214.100622  77205.802028  58.404178
99030 2025-02-10 14:45:00  77277.97  77226.874498  77212.362752  58.151472
99031 2025-02-10 14:50:00  77323.70  77246.239598  77222.484320  62.717255
99032 2025-02-10 14:55:00  77362.69  77269.529678  77235.230291  66.112075
99034 2025-02-10 15:00:00       NaN           NaN           NaN        NaN
